# JRE version: Java(TM) SE Runtime Environment (8.0_271-b09) (build 1.8.0_271-b09)
# Java VM: Java HotSpot(TM) 64-Bit Server VM (25.271-b09 mixed mode windows-amd64 compressed oops)
Heap:
 PSYoungGen      total 101376K, used 67731K [0x00000000eb780000, 0x00000000f4180000, 0x0000000100000000)
  eden space 93696K, 64% used [0x00000000eb780000,0x00000000ef225d90,0x00000000f1300000)
  from space 7680K, 99% used [0x00000000f3a00000,0x00000000f417f190,0x00000000f4180000)
  to   space 9216K, 0% used [0x00000000f2f80000,0x00000000f2f80000,0x00000000f3880000)
 ParOldGen       total 36864K, used 9787K [0x00000000c2600000, 0x00000000c4a00000, 0x00000000eb780000)
  object space 36864K, 26% used [0x00000000c2600000,0x00000000c2f8edf0,0x00000000c4a00000)
 Metaspace       used 25833K, capacity 26464K, committed 26752K, reserved 1073152K
  class space    used 2987K, capacity 3154K, committed 3200K, reserved 1048576K
GC Heap History (10 events):
Event: 6.174 GC heap before
{Heap before GC invocations=5 (full 0):
 PSYoungGen      total 34304K, used 34272K [0x00000000eb780000, 0x00000000edb80000, 0x0000000100000000)
  eden space 31744K, 100% used [0x00000000eb780000,0x00000000ed680000,0x00000000ed680000)
  from space 2560K, 98% used [0x00000000ed900000,0x00000000edb78040,0x00000000edb80000)
  to   space 2560K, 0% used [0x00000000ed680000,0x00000000ed680000,0x00000000ed900000)
 ParOldGen       total 42496K, used 4408K [0x00000000c2600000, 0x00000000c4f80000, 0x00000000eb780000)
  object space 42496K, 10% used [0x00000000c2600000,0x00000000c2a4e100,0x00000000c4f80000)
 Metaspace       used 14424K, capacity 14686K, committed 14976K, reserved 1062912K
  class space    used 1776K, capacity 1874K, committed 1920K, reserved 1048576K
Event: 6.197 GC heap after
Heap after GC invocations=5 (full 0):
 PSYoungGen      total 34304K, used 2544K [0x00000000eb780000, 0x00000000f0280000, 0x0000000100000000)
  eden space 31744K, 0% used [0x00000000eb780000,0x00000000eb780000,0x00000000ed680000)
  from space 2560K, 99% used [0x00000000ed680000,0x00000000ed8fc010,0x00000000ed900000)
  to   space 6656K, 0% used [0x00000000efc00000,0x00000000efc00000,0x00000000f0280000)
 ParOldGen       total 42496K, used 8505K [0x00000000c2600000, 0x00000000c4f80000, 0x00000000eb780000)
  object space 42496K, 20% used [0x00000000c2600000,0x00000000c2e4e578,0x00000000c4f80000)
 Metaspace       used 14424K, capacity 14686K, committed 14976K, reserved 1062912K
  class space    used 1776K, capacity 1874K, committed 1920K, reserved 1048576K
}
Event: 9.003 GC heap before
{Heap before GC invocations=6 (full 0):
 PSYoungGen      total 34304K, used 34288K [0x00000000eb780000, 0x00000000f0280000, 0x0000000100000000)
  eden space 31744K, 100% used [0x00000000eb780000,0x00000000ed680000,0x00000000ed680000)
  from space 2560K, 99% used [0x00000000ed680000,0x00000000ed8fc010,0x00000000ed900000)
  to   space 6656K, 0% used [0x00000000efc00000,0x00000000efc00000,0x00000000f0280000)
 ParOldGen       total 42496K, used 8505K [0x00000000c2600000, 0x00000000c4f80000, 0x00000000eb780000)
  object space 42496K, 20% used [0x00000000c2600000,0x00000000c2e4e578,0x00000000c4f80000)
 Metaspace       used 16423K, capacity 16746K, committed 16896K, reserved 1064960K
  class space    used 1951K, capacity 2042K, committed 2048K, reserved 1048576K
Event: 9.024 GC heap after
Heap after GC invocations=6 (full 0):
 PSYoungGen      total 69632K, used 5229K [0x00000000eb780000, 0x00000000f0380000, 0x0000000100000000)
  eden space 62976K, 0% used [0x00000000eb780000,0x00000000eb780000,0x00000000ef500000)
  from space 6656K, 78% used [0x00000000efc00000,0x00000000f011b538,0x00000000f0280000)
  to   space 7168K, 0% used [0x00000000ef500000,0x00000000ef500000,0x00000000efc00000)
 ParOldGen       total 42496K, used 8513K [0x00000000c2600000, 0x00000000c4f80000, 0x00000000eb780000)
  object space 42496K, 20% used [0x00000000c2600000,0x00000000c2e50578,0x00000000c4f80000)
 Metaspace       used 16423K, capacity 16746K, committed 16896K, reserved 1064960K
  class space    used 1951K, capacity 2042K, committed 2048K, reserved 1048576K
}
Event: 13.569 GC heap before
{Heap before GC invocations=7 (full 0):
 PSYoungGen      total 69632K, used 56334K [0x00000000eb780000, 0x00000000f0380000, 0x0000000100000000)
  eden space 62976K, 81% used [0x00000000eb780000,0x00000000ee9685d8,0x00000000ef500000)
  from space 6656K, 78% used [0x00000000efc00000,0x00000000f011b538,0x00000000f0280000)
  to   space 7168K, 0% used [0x00000000ef500000,0x00000000ef500000,0x00000000efc00000)
 ParOldGen       total 42496K, used 8513K [0x00000000c2600000, 0x00000000c4f80000, 0x00000000eb780000)
  object space 42496K, 20% used [0x00000000c2600000,0x00000000c2e50578,0x00000000c4f80000)
 Metaspace       used 20757K, capacity 21142K, committed 21296K, reserved 1069056K
  class space    used 2494K, capacity 2638K, committed 2688K, reserved 1048576K
Event: 13.611 GC heap after
Heap after GC invocations=7 (full 0):
 PSYoungGen      total 70144K, used 6718K [0x00000000eb780000, 0x00000000f4180000, 0x0000000100000000)
  eden space 62976K, 0% used [0x00000000eb780000,0x00000000eb780000,0x00000000ef500000)
  from space 7168K, 93% used [0x00000000ef500000,0x00000000efb8fa20,0x00000000efc00000)
  to   space 7680K, 0% used [0x00000000f3a00000,0x00000000f3a00000,0x00000000f4180000)
 ParOldGen       total 42496K, used 9273K [0x00000000c2600000, 0x00000000c4f80000, 0x00000000eb780000)
  object space 42496K, 21% used [0x00000000c2600000,0x00000000c2f0e608,0x00000000c4f80000)
 Metaspace       used 20757K, capacity 21142K, committed 21296K, reserved 1069056K
  class space    used 2494K, capacity 2638K, committed 2688K, reserved 1048576K
}
Event: 13.611 GC heap before
{Heap before GC invocations=8 (full 1):
 PSYoungGen      total 70144K, used 6718K [0x00000000eb780000, 0x00000000f4180000, 0x0000000100000000)
  eden space 62976K, 0% used [0x00000000eb780000,0x00000000eb780000,0x00000000ef500000)
  from space 7168K, 93% used [0x00000000ef500000,0x00000000efb8fa20,0x00000000efc00000)
  to   space 7680K, 0% used [0x00000000f3a00000,0x00000000f3a00000,0x00000000f4180000)
 ParOldGen       total 42496K, used 9273K [0x00000000c2600000, 0x00000000c4f80000, 0x00000000eb780000)
  object space 42496K, 21% used [0x00000000c2600000,0x00000000c2f0e608,0x00000000c4f80000)
 Metaspace       used 20757K, capacity 21142K, committed 21296K, reserved 1069056K
  class space    used 2494K, capacity 2638K, committed 2688K, reserved 1048576K
Event: 13.756 GC heap after
Heap after GC invocations=8 (full 1):
 PSYoungGen      total 70144K, used 0K [0x00000000eb780000, 0x00000000f4180000, 0x0000000100000000)
  eden space 62976K, 0% used [0x00000000eb780000,0x00000000eb780000,0x00000000ef500000)
  from space 7168K, 0% used [0x00000000ef500000,0x00000000ef500000,0x00000000efc00000)
  to   space 7680K, 0% used [0x00000000f3a00000,0x00000000f3a00000,0x00000000f4180000)
 ParOldGen       total 36864K, used 9017K [0x00000000c2600000, 0x00000000c4a00000, 0x00000000eb780000)
  object space 36864K, 24% used [0x00000000c2600000,0x00000000c2ece4f8,0x00000000c4a00000)
 Metaspace       used 20757K, capacity 21142K, committed 21296K, reserved 1069056K
  class space    used 2494K, capacity 2638K, committed 2688K, reserved 1048576K
}
Event: 20.158 GC heap before
{Heap before GC invocations=9 (full 1):
 PSYoungGen      total 70144K, used 62976K [0x00000000eb780000, 0x00000000f4180000, 0x0000000100000000)
  eden space 62976K, 100% used [0x00000000eb780000,0x00000000ef500000,0x00000000ef500000)
  from space 7168K, 0% used [0x00000000ef500000,0x00000000ef500000,0x00000000efc00000)
  to   space 7680K, 0% used [0x00000000f3a00000,0x00000000f3a00000,0x00000000f4180000)
 ParOldGen       total 36864K, used 9017K [0x00000000c2600000, 0x00000000c4a00000, 0x00000000eb780000)
  object space 36864K, 24% used [0x00000000c2600000,0x00000000c2ece4f8,0x00000000c4a00000)
 Metaspace       used 23710K, capacity 24230K, committed 24448K, reserved 1071104K
  class space    used 2786K, capacity 2940K, committed 2944K, reserved 1048576K
Event: 20.190 GC heap after
Heap after GC invocations=9 (full 1):
 PSYoungGen      total 101376K, used 7676K [0x00000000eb780000, 0x00000000f4180000, 0x0000000100000000)
  eden space 93696K, 0% used [0x00000000eb780000,0x00000000eb780000,0x00000000f1300000)
  from space 7680K, 99% used [0x00000000f3a00000,0x00000000f417f190,0x00000000f4180000)
  to   space 9216K, 0% used [0x00000000f2f80000,0x00000000f2f80000,0x00000000f3880000)
 ParOldGen       total 36864K, used 9787K [0x00000000c2600000, 0x00000000c4a00000, 0x00000000eb780000)
  object space 36864K, 26% used [0x00000000c2600000,0x00000000c2f8edf0,0x00000000c4a00000)
 Metaspace       used 23710K, capacity 24230K, committed 24448K, reserved 1071104K
  class space    used 2786K, capacity 2940K, committed 2944K, reserved 1048576K
}

