# JRE version: Java(TM) SE Runtime Environment (8.0_271-b09) (build 1.8.0_271-b09)
# Java VM: Java HotSpot(TM) 64-Bit Server VM (25.271-b09 mixed mode windows-amd64 compressed oops)
Heap:
 PSYoungGen      total 70144K, used 17191K [0x00000000eb780000, 0x00000000f4380000, 0x0000000100000000)
  eden space 62976K, 15% used [0x00000000eb780000,0x00000000ec14c128,0x00000000ef500000)
  from space 7168K, 99% used [0x00000000ef500000,0x00000000efbfdd68,0x00000000efc00000)
  to   space 8704K, 0% used [0x00000000f3b00000,0x00000000f3b00000,0x00000000f4380000)
 ParOldGen       total 42496K, used 9327K [0x00000000c2600000, 0x00000000c4f80000, 0x00000000eb780000)
  object space 42496K, 21% used [0x00000000c2600000,0x00000000c2f1bc78,0x00000000c4f80000)
 Metaspace       used 18863K, capacity 19402K, committed 19584K, reserved 1067008K
  class space    used 2190K, capacity 2329K, committed 2432K, reserved 1048576K
GC Heap History (10 events):
Event: 4.230 GC heap before
{Heap before GC invocations=3 (full 0):
 PSYoungGen      total 18432K, used 18410K [0x00000000eb780000, 0x00000000ecc00000, 0x0000000100000000)
  eden space 15872K, 100% used [0x00000000eb780000,0x00000000ec700000,0x00000000ec700000)
  from space 2560K, 99% used [0x00000000ec980000,0x00000000ecbfab60,0x00000000ecc00000)
  to   space 2560K, 0% used [0x00000000ec700000,0x00000000ec700000,0x00000000ec980000)
 ParOldGen       total 42496K, used 1400K [0x00000000c2600000, 0x00000000c4f80000, 0x00000000eb780000)
  object space 42496K, 3% used [0x00000000c2600000,0x00000000c275e058,0x00000000c4f80000)
 Metaspace       used 9686K, capacity 9778K, committed 9984K, reserved 1058816K
  class space    used 1160K, capacity 1212K, committed 1280K, reserved 1048576K
Event: 4.244 GC heap after
Heap after GC invocations=3 (full 0):
 PSYoungGen      total 18432K, used 2552K [0x00000000eb780000, 0x00000000edb80000, 0x0000000100000000)
  eden space 15872K, 0% used [0x00000000eb780000,0x00000000eb780000,0x00000000ec700000)
  from space 2560K, 99% used [0x00000000ec700000,0x00000000ec97e0c8,0x00000000ec980000)
  to   space 2560K, 0% used [0x00000000ed900000,0x00000000ed900000,0x00000000edb80000)
 ParOldGen       total 42496K, used 2411K [0x00000000c2600000, 0x00000000c4f80000, 0x00000000eb780000)
  object space 42496K, 5% used [0x00000000c2600000,0x00000000c285ac00,0x00000000c4f80000)
 Metaspace       used 9686K, capacity 9778K, committed 9984K, reserved 1058816K
  class space    used 1160K, capacity 1212K, committed 1280K, reserved 1048576K
}
Event: 4.883 GC heap before
{Heap before GC invocations=4 (full 0):
 PSYoungGen      total 18432K, used 18424K [0x00000000eb780000, 0x00000000edb80000, 0x0000000100000000)
  eden space 15872K, 100% used [0x00000000eb780000,0x00000000ec700000,0x00000000ec700000)
  from space 2560K, 99% used [0x00000000ec700000,0x00000000ec97e0c8,0x00000000ec980000)
  to   space 2560K, 0% used [0x00000000ed900000,0x00000000ed900000,0x00000000edb80000)
 ParOldGen       total 42496K, used 2411K [0x00000000c2600000, 0x00000000c4f80000, 0x00000000eb780000)
  object space 42496K, 5% used [0x00000000c2600000,0x00000000c285ac00,0x00000000c4f80000)
 Metaspace       used 11128K, capacity 11374K, committed 11520K, reserved 1058816K
  class space    used 1344K, capacity 1446K, committed 1536K, reserved 1048576K
Event: 4.897 GC heap after
Heap after GC invocations=4 (full 0):
 PSYoungGen      total 34304K, used 2544K [0x00000000eb780000, 0x00000000edb80000, 0x0000000100000000)
  eden space 31744K, 0% used [0x00000000eb780000,0x00000000eb780000,0x00000000ed680000)
  from space 2560K, 99% used [0x00000000ed900000,0x00000000edb7c010,0x00000000edb80000)
  to   space 2560K, 0% used [0x00000000ed680000,0x00000000ed680000,0x00000000ed900000)
 ParOldGen       total 42496K, used 4344K [0x00000000c2600000, 0x00000000c4f80000, 0x00000000eb780000)
  object space 42496K, 10% used [0x00000000c2600000,0x00000000c2a3e340,0x00000000c4f80000)
 Metaspace       used 11128K, capacity 11374K, committed 11520K, reserved 1058816K
  class space    used 1344K, capacity 1446K, committed 1536K, reserved 1048576K
}
Event: 6.899 GC heap before
{Heap before GC invocations=5 (full 0):
 PSYoungGen      total 34304K, used 34288K [0x00000000eb780000, 0x00000000edb80000, 0x0000000100000000)
  eden space 31744K, 100% used [0x00000000eb780000,0x00000000ed680000,0x00000000ed680000)
  from space 2560K, 99% used [0x00000000ed900000,0x00000000edb7c010,0x00000000edb80000)
  to   space 2560K, 0% used [0x00000000ed680000,0x00000000ed680000,0x00000000ed900000)
 ParOldGen       total 42496K, used 4344K [0x00000000c2600000, 0x00000000c4f80000, 0x00000000eb780000)
  object space 42496K, 10% used [0x00000000c2600000,0x00000000c2a3e340,0x00000000c4f80000)
 Metaspace       used 14416K, capacity 14686K, committed 14976K, reserved 1062912K
  class space    used 1776K, capacity 1874K, committed 1920K, reserved 1048576K
Event: 6.922 GC heap after
Heap after GC invocations=5 (full 0):
 PSYoungGen      total 34304K, used 2544K [0x00000000eb780000, 0x00000000f0280000, 0x0000000100000000)
  eden space 31744K, 0% used [0x00000000eb780000,0x00000000eb780000,0x00000000ed680000)
  from space 2560K, 99% used [0x00000000ed680000,0x00000000ed8fc010,0x00000000ed900000)
  to   space 6656K, 0% used [0x00000000efc00000,0x00000000efc00000,0x00000000f0280000)
 ParOldGen       total 42496K, used 8427K [0x00000000c2600000, 0x00000000c4f80000, 0x00000000eb780000)
  object space 42496K, 19% used [0x00000000c2600000,0x00000000c2e3ae48,0x00000000c4f80000)
 Metaspace       used 14416K, capacity 14686K, committed 14976K, reserved 1062912K
  class space    used 1776K, capacity 1874K, committed 1920K, reserved 1048576K
}
Event: 9.794 GC heap before
{Heap before GC invocations=6 (full 0):
 PSYoungGen      total 34304K, used 34288K [0x00000000eb780000, 0x00000000f0280000, 0x0000000100000000)
  eden space 31744K, 100% used [0x00000000eb780000,0x00000000ed680000,0x00000000ed680000)
  from space 2560K, 99% used [0x00000000ed680000,0x00000000ed8fc010,0x00000000ed900000)
  to   space 6656K, 0% used [0x00000000efc00000,0x00000000efc00000,0x00000000f0280000)
 ParOldGen       total 42496K, used 8427K [0x00000000c2600000, 0x00000000c4f80000, 0x00000000eb780000)
  object space 42496K, 19% used [0x00000000c2600000,0x00000000c2e3ae48,0x00000000c4f80000)
 Metaspace       used 16294K, capacity 16598K, committed 16896K, reserved 1064960K
  class space    used 1936K, capacity 2038K, committed 2048K, reserved 1048576K
Event: 9.870 GC heap after
Heap after GC invocations=6 (full 0):
 PSYoungGen      total 69632K, used 5433K [0x00000000eb780000, 0x00000000f0380000, 0x0000000100000000)
  eden space 62976K, 0% used [0x00000000eb780000,0x00000000eb780000,0x00000000ef500000)
  from space 6656K, 81% used [0x00000000efc00000,0x00000000f014e700,0x00000000f0280000)
  to   space 7168K, 0% used [0x00000000ef500000,0x00000000ef500000,0x00000000efc00000)
 ParOldGen       total 42496K, used 8427K [0x00000000c2600000, 0x00000000c4f80000, 0x00000000eb780000)
  object space 42496K, 19% used [0x00000000c2600000,0x00000000c2e3ae48,0x00000000c4f80000)
 Metaspace       used 16294K, capacity 16598K, committed 16896K, reserved 1064960K
  class space    used 1936K, capacity 2038K, committed 2048K, reserved 1048576K
}
Event: 16.691 GC heap before
{Heap before GC invocations=7 (full 0):
 PSYoungGen      total 69632K, used 68409K [0x00000000eb780000, 0x00000000f0380000, 0x0000000100000000)
  eden space 62976K, 100% used [0x00000000eb780000,0x00000000ef500000,0x00000000ef500000)
  from space 6656K, 81% used [0x00000000efc00000,0x00000000f014e700,0x00000000f0280000)
  to   space 7168K, 0% used [0x00000000ef500000,0x00000000ef500000,0x00000000efc00000)
 ParOldGen       total 42496K, used 8427K [0x00000000c2600000, 0x00000000c4f80000, 0x00000000eb780000)
  object space 42496K, 19% used [0x00000000c2600000,0x00000000c2e3ae48,0x00000000c4f80000)
 Metaspace       used 18199K, capacity 18706K, committed 18944K, reserved 1067008K
  class space    used 2082K, capacity 2225K, committed 2304K, reserved 1048576K
Event: 16.729 GC heap after
Heap after GC invocations=7 (full 0):
 PSYoungGen      total 70144K, used 7159K [0x00000000eb780000, 0x00000000f4380000, 0x0000000100000000)
  eden space 62976K, 0% used [0x00000000eb780000,0x00000000eb780000,0x00000000ef500000)
  from space 7168K, 99% used [0x00000000ef500000,0x00000000efbfdd68,0x00000000efc00000)
  to   space 8704K, 0% used [0x00000000f3b00000,0x00000000f3b00000,0x00000000f4380000)
 ParOldGen       total 42496K, used 9327K [0x00000000c2600000, 0x00000000c4f80000, 0x00000000eb780000)
  object space 42496K, 21% used [0x00000000c2600000,0x00000000c2f1bc78,0x00000000c4f80000)
 Metaspace       used 18199K, capacity 18706K, committed 18944K, reserved 1067008K
  class space    used 2082K, capacity 2225K, committed 2304K, reserved 1048576K
}

